<?xml version="1.0" encoding="UTF-8"?>
<testsuite name="org.unitsofmeasurement.impl.format.UnitFormatTest" time="0.058" tests="8" errors="0" skipped="1" failures="0">
  <properties>
[...]
</properties>
  <testcase name="testParseLocal" classname="org.unitsofmeasurement.impl.format.UnitFormatTest" time="0">
    <skipped/>
  </testcase>
  <testcase name="testFormatUCUMCI" classname="org.unitsofmeasurement.impl.format.UnitFormatTest" time="0.031"/>
  <testcase name="testFormatUCUMCS" classname="org.unitsofmeasurement.impl.format.UnitFormatTest" time="0"/>
  <testcase name="testParseUCUMCI" classname="org.unitsofmeasurement.impl.format.UnitFormatTest" time="0.004"/>
  <testcase name="testParseUCUMCS" classname="org.unitsofmeasurement.impl.format.UnitFormatTest" time="0.001"/>
  <testcase name="testFormatUCUMPrint" classname="org.unitsofmeasurement.impl.format.UnitFormatTest" time="0.022"/>
  <testcase name="testParseUCUMPrint" classname="org.unitsofmeasurement.impl.format.UnitFormatTest" time="0"/>
  <testcase name="testFormatLocal" classname="org.unitsofmeasurement.impl.format.UnitFormatTest" time="0"/>
</testsuite>